<?xml version="1.0" encoding="UTF-8"?>
<testng-results skipped="0" failed="0" ignored="0" total="1" passed="1">
  <reporter-output>
  </reporter-output>
  <suite name="Suite" duration-ms="28915" started-at="2019-03-09T09:30:58Z" finished-at="2019-03-09T09:31:27Z">
    <groups>
    </groups>
    <test name="Smoke" duration-ms="28915" started-at="2019-03-09T09:30:58Z" finished-at="2019-03-09T09:31:27Z">
      <class name="TestCases.CalenderTest">
        <test-method status="PASS" signature="login()[pri:0, instance:TestCases.CalenderTest@668bc3d5]" name="login" duration-ms="28867" started-at="2019-03-09T09:30:58Z" finished-at="2019-03-09T09:31:27Z">
          <reporter-output>
          </reporter-output>
        </test-method> <!-- login -->
      </class> <!-- TestCases.CalenderTest -->
    </test> <!-- Smoke -->
  </suite> <!-- Suite -->
</testng-results>
